<?xml version="1.0" encoding="UTF-8"?>
<!-- Generated by org.testng.reporters.JUnitXMLReporter -->
<testsuite ignored="0" hostname="Dinesh" failures="0" tests="4" name="Test" time="0.07" errors="0" timestamp="2024-05-25T19:31:12 IST">
  <testcase classname="org.sng.SampleNG" name="tc5" time="0.006"/>
  <testcase classname="org.sng.classB" name="case1" time="0.005"/>
  <testcase classname="org.sng.SampleNG" name="tc5" time="0.002"/>
  <testcase classname="org.sng.SampleNG" name="tc5" time="0.002"/>
</testsuite> <!-- Test -->
