<?xml version="1.0" encoding="UTF-8"?>
<testng-results ignored="0" total="3" passed="2" failed="1" skipped="0">
  <reporter-output>
  </reporter-output>
  <suite started-at="2024-05-25T20:13:09 IST" name="Suite" finished-at="2024-05-25T20:14:22 IST" duration-ms="72790">
    <groups>
    </groups>
    <test started-at="2024-05-25T20:13:09 IST" name="chromeTest" finished-at="2024-05-25T20:13:25 IST" duration-ms="16024">
      <class name="org.sng.CROSSBROWSER">
        <test-method signature="tc1(java.lang.String)[pri:0, instance:org.sng.CROSSBROWSER@bd4dc25]" started-at="2024-05-25T20:13:09 IST" name="tc1" finished-at="2024-05-25T20:13:25 IST" duration-ms="15982" status="FAIL">
          <params>
            <param index="0">
              <value>
                <![CDATA[chromebrowser]]>
              </value>
            </param>
          </params>
          <exception class="org.openqa.selenium.SessionNotCreatedException">
            <message>
              <![CDATA[session not created: This version of ChromeDriver only supports Chrome version 114
Current browser version is 125.0.6422.77 with binary path C:\Program Files\Google\Chrome\Application\chrome.exe
Build info: version: '3.141.59', revision: 'e82be7d358', time: '2018-11-14T08:17:03'
System info: host: 'DINESH', ip: '192.168.43.219', os.name: 'Windows 11', os.arch: 'amd64', os.version: '10.0', java.version: '17.0.8.1'
Driver info: driver.version: ChromeDriver
remote stacktrace: Backtrace:
GetHandleVerifier [0x003BA813+48355]
(No symbol) [0x0034C4B1]
(No symbol) [0x00255358]
(No symbol) [0x002761AC]
(No symbol) [0x00271EF3]
(No symbol) [0x00270579]
(No symbol) [0x002A0C55]
(No symbol) [0x002A093C]
(No symbol) [0x0029A536]
(No symbol) [0x002782DC]
(No symbol) [0x002793DD]
GetHandleVerifier [0x0061AABD+2539405]
GetHandleVerifier [0x0065A78F+2800735]
GetHandleVerifier [0x0065456C+2775612]
GetHandleVerifier [0x004451E0+616112]
(No symbol) [0x00355F8C]
(No symbol) [0x00352328]
(No symbol) [0x0035240B]
(No symbol) [0x00344FF7]
BaseThreadInitThunk [0x774E7BA9+25]
RtlInitializeExceptionChain [0x77ADBE3B+107]
RtlClearBits [0x77ADBDBF+191]
]]>
            </message>
            <full-stacktrace>
              <![CDATA[org.openqa.selenium.SessionNotCreatedException: session not created: This version of ChromeDriver only supports Chrome version 114
Current browser version is 125.0.6422.77 with binary path C:\Program Files\Google\Chrome\Application\chrome.exe
Build info: version: '3.141.59', revision: 'e82be7d358', time: '2018-11-14T08:17:03'
System info: host: 'DINESH', ip: '192.168.43.219', os.name: 'Windows 11', os.arch: 'amd64', os.version: '10.0', java.version: '17.0.8.1'
Driver info: driver.version: ChromeDriver
remote stacktrace: Backtrace:
GetHandleVerifier [0x003BA813+48355]
(No symbol) [0x0034C4B1]
(No symbol) [0x00255358]
(No symbol) [0x002761AC]
(No symbol) [0x00271EF3]
(No symbol) [0x00270579]
(No symbol) [0x002A0C55]
(No symbol) [0x002A093C]
(No symbol) [0x0029A536]
(No symbol) [0x002782DC]
(No symbol) [0x002793DD]
GetHandleVerifier [0x0061AABD+2539405]
GetHandleVerifier [0x0065A78F+2800735]
GetHandleVerifier [0x0065456C+2775612]
GetHandleVerifier [0x004451E0+616112]
(No symbol) [0x00355F8C]
(No symbol) [0x00352328]
(No symbol) [0x0035240B]
(No symbol) [0x00344FF7]
BaseThreadInitThunk [0x774E7BA9+25]
RtlInitializeExceptionChain [0x77ADBE3B+107]
RtlClearBits [0x77ADBDBF+191]

at java.base/jdk.internal.reflect.NativeConstructorAccessorImpl.newInstance0(Native Method)
at java.base/jdk.internal.reflect.NativeConstructorAccessorImpl.newInstance(NativeConstructorAccessorImpl.java:77)
at java.base/jdk.internal.reflect.DelegatingConstructorAccessorImpl.newInstance(DelegatingConstructorAccessorImpl.java:45)
at java.base/java.lang.reflect.Constructor.newInstanceWithCaller(Constructor.java:499)
at java.base/java.lang.reflect.Constructor.newInstance(Constructor.java:480)
at org.openqa.selenium.remote.W3CHandshakeResponse.lambda$errorHandler$0(W3CHandshakeResponse.java:62)
at org.openqa.selenium.remote.HandshakeResponse.lambda$getResponseFunction$0(HandshakeResponse.java:30)
at org.openqa.selenium.remote.ProtocolHandshake.lambda$createSession$0(ProtocolHandshake.java:126)
at java.base/java.util.stream.ReferencePipeline$3$1.accept(ReferencePipeline.java:197)
at java.base/java.util.Spliterators$ArraySpliterator.tryAdvance(Spliterators.java:1002)
at java.base/java.util.stream.ReferencePipeline.forEachWithCancel(ReferencePipeline.java:129)
at java.base/java.util.stream.AbstractPipeline.copyIntoWithCancel(AbstractPipeline.java:527)
at java.base/java.util.stream.AbstractPipeline.copyInto(AbstractPipeline.java:513)
at java.base/java.util.stream.AbstractPipeline.wrapAndCopyInto(AbstractPipeline.java:499)
at java.base/java.util.stream.FindOps$FindOp.evaluateSequential(FindOps.java:150)
at java.base/java.util.stream.AbstractPipeline.evaluate(AbstractPipeline.java:234)
at java.base/java.util.stream.ReferencePipeline.findFirst(ReferencePipeline.java:647)
at org.openqa.selenium.remote.ProtocolHandshake.createSession(ProtocolHandshake.java:128)
at org.openqa.selenium.remote.ProtocolHandshake.createSession(ProtocolHandshake.java:74)
at org.openqa.selenium.remote.HttpCommandExecutor.execute(HttpCommandExecutor.java:136)
at org.openqa.selenium.remote.service.DriverCommandExecutor.execute(DriverCommandExecutor.java:83)
at org.openqa.selenium.remote.RemoteWebDriver.execute(RemoteWebDriver.java:552)
at org.openqa.selenium.remote.RemoteWebDriver.startSession(RemoteWebDriver.java:213)
at org.openqa.selenium.remote.RemoteWebDriver.<init>(RemoteWebDriver.java:131)
at org.openqa.selenium.chrome.ChromeDriver.<init>(ChromeDriver.java:181)
at org.openqa.selenium.chrome.ChromeDriver.<init>(ChromeDriver.java:168)
at org.openqa.selenium.chrome.ChromeDriver.<init>(ChromeDriver.java:123)
at org.sng.CROSSBROWSER.tc1(CROSSBROWSER.java:19)
at java.base/jdk.internal.reflect.NativeMethodAccessorImpl.invoke0(Native Method)
at java.base/jdk.internal.reflect.NativeMethodAccessorImpl.invoke(NativeMethodAccessorImpl.java:77)
at java.base/jdk.internal.reflect.DelegatingMethodAccessorImpl.invoke(DelegatingMethodAccessorImpl.java:43)
at java.base/java.lang.reflect.Method.invoke(Method.java:568)
at org.testng.internal.MethodInvocationHelper.invokeMethod(MethodInvocationHelper.java:133)
at org.testng.internal.TestInvoker.invokeMethod(TestInvoker.java:598)
at org.testng.internal.TestInvoker.invokeTestMethod(TestInvoker.java:173)
at org.testng.internal.MethodRunner.runInSequence(MethodRunner.java:46)
at org.testng.internal.TestInvoker$MethodInvocationAgent.invoke(TestInvoker.java:824)
at org.testng.internal.TestInvoker.invokeTestMethods(TestInvoker.java:146)
at org.testng.internal.TestMethodWorker.invokeTestMethods(TestMethodWorker.java:146)
at org.testng.internal.TestMethodWorker.run(TestMethodWorker.java:128)
at java.base/java.util.ArrayList.forEach(ArrayList.java:1511)
at org.testng.TestRunner.privateRun(TestRunner.java:794)
at org.testng.TestRunner.run(TestRunner.java:596)
at org.testng.SuiteRunner.runTest(SuiteRunner.java:377)
at org.testng.SuiteRunner.access$000(SuiteRunner.java:28)
at org.testng.SuiteRunner$SuiteWorker.run(SuiteRunner.java:418)
at org.testng.internal.thread.ThreadUtil.lambda$execute$0(ThreadUtil.java:64)
at java.base/java.util.concurrent.FutureTask.run(FutureTask.java:264)
at java.base/java.util.concurrent.ThreadPoolExecutor.runWorker(ThreadPoolExecutor.java:1136)
at java.base/java.util.concurrent.ThreadPoolExecutor$Worker.run(ThreadPoolExecutor.java:635)
at java.base/java.lang.Thread.run(Thread.java:833)
]]>
            </full-stacktrace>
          </exception> <!-- org.openqa.selenium.SessionNotCreatedException -->
          <reporter-output>
          </reporter-output>
        </test-method> <!-- tc1 -->
      </class> <!-- org.sng.CROSSBROWSER -->
    </test> <!-- chromeTest -->
    <test started-at="2024-05-25T20:13:09 IST" name="edgeTest" finished-at="2024-05-25T20:14:12 IST" duration-ms="62677">
      <class name="org.sng.CROSSBROWSER">
        <test-method signature="tc1(java.lang.String)[pri:0, instance:org.sng.CROSSBROWSER@61001b64]" started-at="2024-05-25T20:13:09 IST" name="tc1" finished-at="2024-05-25T20:14:12 IST" duration-ms="62642" status="PASS">
          <params>
            <param index="0">
              <value>
                <![CDATA[edgebrowser]]>
              </value>
            </param>
          </params>
          <reporter-output>
          </reporter-output>
        </test-method> <!-- tc1 -->
      </class> <!-- org.sng.CROSSBROWSER -->
    </test> <!-- edgeTest -->
    <test started-at="2024-05-25T20:13:09 IST" name="FirefoxTest" finished-at="2024-05-25T20:14:22 IST" duration-ms="72790">
      <class name="org.sng.CROSSBROWSER">
        <test-method signature="tc1(java.lang.String)[pri:0, instance:org.sng.CROSSBROWSER@82de64a]" started-at="2024-05-25T20:13:09 IST" name="tc1" finished-at="2024-05-25T20:14:22 IST" duration-ms="72754" status="PASS">
          <params>
            <param index="0">
              <value>
                <![CDATA[firefoxbrowser]]>
              </value>
            </param>
          </params>
          <reporter-output>
          </reporter-output>
        </test-method> <!-- tc1 -->
      </class> <!-- org.sng.CROSSBROWSER -->
    </test> <!-- FirefoxTest -->
  </suite> <!-- Suite -->
</testng-results>
